[debug] [2018-08-19T14:20:58.088Z] ----------------------------------------------------------------------
[debug] [2018-08-19T14:20:58.090Z] Command:       /Users/adamlorentzen/.nvm/versions/node/v8.9.4/bin/node /Users/adamlorentzen/.nvm/versions/node/v8.9.4/bin/firebase deploy
[debug] [2018-08-19T14:20:58.090Z] CLI Version:   4.1.1
[debug] [2018-08-19T14:20:58.090Z] Platform:      darwin
[debug] [2018-08-19T14:20:58.090Z] Node Version:  v8.9.4
[debug] [2018-08-19T14:20:58.091Z] Time:          Sun Aug 19 2018 22:20:58 GMT+0800 (CST)
[debug] [2018-08-19T14:20:58.091Z] ----------------------------------------------------------------------
[debug] 
[debug] [2018-08-19T14:20:58.101Z] > command requires scopes: ["email","openid","https://www.googleapis.com/auth/cloudplatformprojects.readonly","https://www.googleapis.com/auth/firebase","https://www.googleapis.com/auth/cloud-platform"]
[debug] [2018-08-19T14:20:58.101Z] > authorizing via signed-in user
[debug] [2018-08-19T14:20:58.103Z] >>> HTTP REQUEST GET https://admin.firebase.com/v1/projects/aom-spellbook  
 
[debug] [2018-08-19T14:20:59.327Z] <<< HTTP RESPONSE 200
[debug] [2018-08-19T14:20:59.328Z] >>> HTTP REQUEST GET https://admin.firebase.com/v1/database/aom-spellbook/tokens  
 
[debug] [2018-08-19T14:21:00.244Z] <<< HTTP RESPONSE 200
[info] 
[info] === Deploying to 'aom-spellbook'...
[info] 
[info] i  deploying firestore, hosting
[info] i  firestore: checking firestore.rules for compilation errors...
[debug] [2018-08-19T14:21:01.532Z] >>> HTTP REQUEST POST https://firebaserules.googleapis.com/v1/projects/aom-spellbook:test  

[debug] [2018-08-19T14:21:03.023Z] <<< HTTP RESPONSE 200
[info] ✔  firestore: rules file firestore.rules compiled successfully
[debug] [2018-08-19T14:21:03.024Z] >>> HTTP REQUEST POST https://firebasehosting.googleapis.com/v1beta1/sites/aom-spellbook/versions  

[debug] [2018-08-19T14:21:04.829Z] <<< HTTP RESPONSE 200
[info] i  firestore: uploading rules firestore.rules...
[debug] [2018-08-19T14:21:04.830Z] >>> HTTP REQUEST POST https://firebaserules.googleapis.com/v1/projects/aom-spellbook/rulesets  

[debug] [2018-08-19T14:21:04.831Z] >>> HTTP REQUEST GET https://firestore.googleapis.com/v1beta1/projects/aom-spellbook/databases/(default)/indexes  
 
[debug] [2018-08-19T14:21:05.604Z] <<< HTTP RESPONSE 200
[debug] [2018-08-19T14:21:06.238Z] <<< HTTP RESPONSE 200
[debug] [2018-08-19T14:21:06.239Z] [rules] created ruleset projects/aom-spellbook/rulesets/6b885fec-59ea-4946-a98e-65a0c7b27611
[info] i  hosting: found 28 files in public directory
[debug] [2018-08-19T14:21:06.807Z] [hosting] hash cache [0] stored for 28 files
[debug] [2018-08-19T14:21:06.807Z] [hosting][hash queue][FINAL]
[debug] [2018-08-19T14:21:06.807Z] >>> HTTP REQUEST POST https://firebasehosting.googleapis.com/v1beta1/sites/aom-spellbook/versions/cdfeef05370e7ee8:populateFiles  
 <request body omitted>
